0 info it worked if it ends with ok
1 verbose cli [ '/usr/bin/node', '/usr/bin/npm', 'install', 'express-docs' ]
2 info using npm@1.4.28
3 info using node@v0.10.37
4 verbose node symlink /usr/bin/node
5 warn package.json nodejs@1.0.0 No repository field.
6 warn package.json crypto@0.0.3 crypto is also the name of a node core module.
7 warn package.json session@0.1.0 bugs['web'] should probably be bugs['url'].
8 verbose readDependencies using package.json deps
9 verbose cache add [ 'express-docs', null ]
10 verbose cache add name=undefined spec="express-docs" args=["express-docs",null]
11 verbose parsed url { protocol: null,
11 verbose parsed url   slashes: null,
11 verbose parsed url   auth: null,
11 verbose parsed url   host: null,
11 verbose parsed url   port: null,
11 verbose parsed url   hostname: null,
11 verbose parsed url   hash: null,
11 verbose parsed url   search: null,
11 verbose parsed url   query: null,
11 verbose parsed url   pathname: 'express-docs',
11 verbose parsed url   path: 'express-docs',
11 verbose parsed url   href: 'express-docs' }
12 silly lockFile 664a2ba6-express-docs express-docs
13 verbose lock express-docs /root/.npm/664a2ba6-express-docs.lock
14 silly lockFile 664a2ba6-express-docs express-docs
15 silly lockFile 664a2ba6-express-docs express-docs
16 verbose addNamed [ 'express-docs', '' ]
17 verbose addNamed [ null, '*' ]
18 silly lockFile c4416522-express-docs express-docs@
19 verbose lock express-docs@ /root/.npm/c4416522-express-docs.lock
20 silly addNameRange { name: 'express-docs', range: '*', hasData: false }
21 verbose request where is /express-docs
22 verbose request registry https://registry.npmjs.org/
23 verbose request id 1a08ac3174ef0e99
24 verbose url raw /express-docs
25 verbose url resolving [ 'https://registry.npmjs.org/', './express-docs' ]
26 verbose url resolved https://registry.npmjs.org/express-docs
27 verbose request where is https://registry.npmjs.org/express-docs
28 info trying registry request attempt 1 at 12:14:59
29 http GET https://registry.npmjs.org/express-docs
30 http 404 https://registry.npmjs.org/express-docs
31 silly registry.get cb [ 404,
31 silly registry.get   { 'content-type': 'application/json',
31 silly registry.get     'cache-control': 'max-age=0',
31 silly registry.get     'content-length': '2',
31 silly registry.get     'accept-ranges': 'bytes',
31 silly registry.get     date: 'Sat, 17 Oct 2015 16:15:00 GMT',
31 silly registry.get     via: '1.1 varnish',
31 silly registry.get     age: '0',
31 silly registry.get     connection: 'keep-alive',
31 silly registry.get     'x-served-by': 'cache-atl6233-ATL',
31 silly registry.get     'x-cache': 'MISS',
31 silly registry.get     'x-cache-hits': '0',
31 silly registry.get     'x-timer': 'S1445098500.040547,VS0,VE94' } ]
32 silly lockFile c4416522-express-docs express-docs@
33 silly lockFile c4416522-express-docs express-docs@
34 error 404 Not Found
34 error 404
34 error 404 'express-docs' is not in the npm registry.
34 error 404 You should bug the author to publish it
34 error 404 It was specified as a dependency of 'nodejs'
34 error 404
34 error 404 Note that you can also install from a
34 error 404 tarball, folder, or http url, or git url.
35 error System Linux 3.16.0-38-generic
36 error command "/usr/bin/node" "/usr/bin/npm" "install" "express-docs"
37 error cwd /home/user/Documents/projects/sars/www-node.v2
38 error node -v v0.10.37
39 error npm -v 1.4.28
40 error code E404
41 verbose exit [ 1, true ]
